[0.062s] DEBUG:colcon:Command line arguments: ['/usr/bin/colcon', 'build', '--packages-select', 'moveit_servo']
[0.062s] DEBUG:colcon:Parsed command line arguments: Namespace(log_base=None, log_level=None, verb_name='build', build_base='build', install_base='install', merge_install=False, symlink_install=False, test_result_base=None, continue_on_error=False, executor='parallel', parallel_workers=18, event_handlers=None, ignore_user_meta=False, metas=['./colcon.meta'], base_paths=['.'], packages_ignore=None, packages_ignore_regex=None, paths=None, packages_up_to=None, packages_up_to_regex=None, packages_above=None, packages_above_and_dependencies=None, packages_above_depth=None, packages_select_by_dep=None, packages_skip_by_dep=None, packages_skip_up_to=None, packages_select_build_failed=False, packages_skip_build_finished=False, packages_select_test_failures=False, packages_skip_test_passed=False, packages_select=['moveit_servo'], packages_skip=None, packages_select_regex=None, packages_skip_regex=None, packages_start=None, packages_end=None, allow_overriding=[], cmake_args=None, cmake_target=None, cmake_target_skip_unavailable=False, cmake_clean_cache=False, cmake_clean_first=False, cmake_force_configure=False, ament_cmake_args=None, catkin_cmake_args=None, catkin_skip_building_tests=False, verb_parser=<colcon_defaults.argument_parser.defaults.DefaultArgumentsDecorator object at 0x76d8cb91fc70>, verb_extension=<colcon_core.verb.build.BuildVerb object at 0x76d8cbad8460>, main=<bound method BuildVerb.main of <colcon_core.verb.build.BuildVerb object at 0x76d8cbad8460>>)
[0.147s] Level 1:colcon.colcon_core.package_discovery:discover_packages(colcon_meta) check parameters
[0.147s] Level 1:colcon.colcon_core.package_discovery:discover_packages(recursive) check parameters
[0.147s] Level 1:colcon.colcon_core.package_discovery:discover_packages(ignore) check parameters
[0.147s] Level 1:colcon.colcon_core.package_discovery:discover_packages(path) check parameters
[0.147s] Level 1:colcon.colcon_core.package_discovery:discover_packages(colcon_meta) discover
[0.147s] Level 1:colcon.colcon_core.package_discovery:discover_packages(recursive) discover
[0.147s] INFO:colcon.colcon_core.package_discovery:Crawling recursively for packages in '/home/robot/ur5_simulation'
[0.147s] Level 1:colcon.colcon_core.package_identification:_identify(.) by extensions ['ignore', 'ignore_ament_install']
[0.147s] Level 1:colcon.colcon_core.package_identification:_identify(.) by extension 'ignore'
[0.147s] Level 1:colcon.colcon_core.package_identification:_identify(.) by extension 'ignore_ament_install'
[0.147s] Level 1:colcon.colcon_core.package_identification:_identify(.) by extensions ['colcon_pkg']
[0.147s] Level 1:colcon.colcon_core.package_identification:_identify(.) by extension 'colcon_pkg'
[0.147s] Level 1:colcon.colcon_core.package_identification:_identify(.) by extensions ['colcon_meta']
[0.147s] Level 1:colcon.colcon_core.package_identification:_identify(.) by extension 'colcon_meta'
[0.147s] Level 1:colcon.colcon_core.package_identification:_identify(.) by extensions ['ros']
[0.147s] Level 1:colcon.colcon_core.package_identification:_identify(.) by extension 'ros'
[0.154s] Level 1:colcon.colcon_core.package_identification:_identify(.) by extensions ['cmake', 'python']
[0.154s] Level 1:colcon.colcon_core.package_identification:_identify(.) by extension 'cmake'
[0.154s] Level 1:colcon.colcon_core.package_identification:_identify(.) by extension 'python'
[0.154s] Level 1:colcon.colcon_core.package_identification:_identify(.) by extensions ['python_setup_py']
[0.154s] Level 1:colcon.colcon_core.package_identification:_identify(.) by extension 'python_setup_py'
[0.154s] Level 1:colcon.colcon_core.package_identification:_identify(build) by extensions ['ignore', 'ignore_ament_install']
[0.154s] Level 1:colcon.colcon_core.package_identification:_identify(build) by extension 'ignore'
[0.154s] Level 1:colcon.colcon_core.package_identification:_identify(build) ignored
[0.154s] Level 1:colcon.colcon_core.package_identification:_identify(configuration) by extensions ['ignore', 'ignore_ament_install']
[0.154s] Level 1:colcon.colcon_core.package_identification:_identify(configuration) by extension 'ignore'
[0.154s] Level 1:colcon.colcon_core.package_identification:_identify(configuration) by extension 'ignore_ament_install'
[0.154s] Level 1:colcon.colcon_core.package_identification:_identify(configuration) by extensions ['colcon_pkg']
[0.154s] Level 1:colcon.colcon_core.package_identification:_identify(configuration) by extension 'colcon_pkg'
[0.154s] Level 1:colcon.colcon_core.package_identification:_identify(configuration) by extensions ['colcon_meta']
[0.154s] Level 1:colcon.colcon_core.package_identification:_identify(configuration) by extension 'colcon_meta'
[0.154s] Level 1:colcon.colcon_core.package_identification:_identify(configuration) by extensions ['ros']
[0.154s] Level 1:colcon.colcon_core.package_identification:_identify(configuration) by extension 'ros'
[0.154s] Level 1:colcon.colcon_core.package_identification:_identify(configuration) by extensions ['cmake', 'python']
[0.154s] Level 1:colcon.colcon_core.package_identification:_identify(configuration) by extension 'cmake'
[0.154s] Level 1:colcon.colcon_core.package_identification:_identify(configuration) by extension 'python'
[0.154s] Level 1:colcon.colcon_core.package_identification:_identify(configuration) by extensions ['python_setup_py']
[0.154s] Level 1:colcon.colcon_core.package_identification:_identify(configuration) by extension 'python_setup_py'
[0.154s] Level 1:colcon.colcon_core.package_identification:_identify(images) by extensions ['ignore', 'ignore_ament_install']
[0.154s] Level 1:colcon.colcon_core.package_identification:_identify(images) by extension 'ignore'
[0.154s] Level 1:colcon.colcon_core.package_identification:_identify(images) by extension 'ignore_ament_install'
[0.154s] Level 1:colcon.colcon_core.package_identification:_identify(images) by extensions ['colcon_pkg']
[0.154s] Level 1:colcon.colcon_core.package_identification:_identify(images) by extension 'colcon_pkg'
[0.154s] Level 1:colcon.colcon_core.package_identification:_identify(images) by extensions ['colcon_meta']
[0.154s] Level 1:colcon.colcon_core.package_identification:_identify(images) by extension 'colcon_meta'
[0.154s] Level 1:colcon.colcon_core.package_identification:_identify(images) by extensions ['ros']
[0.154s] Level 1:colcon.colcon_core.package_identification:_identify(images) by extension 'ros'
[0.155s] Level 1:colcon.colcon_core.package_identification:_identify(images) by extensions ['cmake', 'python']
[0.155s] Level 1:colcon.colcon_core.package_identification:_identify(images) by extension 'cmake'
[0.155s] Level 1:colcon.colcon_core.package_identification:_identify(images) by extension 'python'
[0.155s] Level 1:colcon.colcon_core.package_identification:_identify(images) by extensions ['python_setup_py']
[0.155s] Level 1:colcon.colcon_core.package_identification:_identify(images) by extension 'python_setup_py'
[0.155s] Level 1:colcon.colcon_core.package_identification:_identify(install) by extensions ['ignore', 'ignore_ament_install']
[0.155s] Level 1:colcon.colcon_core.package_identification:_identify(install) by extension 'ignore'
[0.155s] Level 1:colcon.colcon_core.package_identification:_identify(install) ignored
[0.155s] Level 1:colcon.colcon_core.package_identification:_identify(lerobot_related) by extensions ['ignore', 'ignore_ament_install']
[0.155s] Level 1:colcon.colcon_core.package_identification:_identify(lerobot_related) by extension 'ignore'
[0.155s] Level 1:colcon.colcon_core.package_identification:_identify(lerobot_related) by extension 'ignore_ament_install'
[0.155s] Level 1:colcon.colcon_core.package_identification:_identify(lerobot_related) by extensions ['colcon_pkg']
[0.155s] Level 1:colcon.colcon_core.package_identification:_identify(lerobot_related) by extension 'colcon_pkg'
[0.155s] Level 1:colcon.colcon_core.package_identification:_identify(lerobot_related) by extensions ['colcon_meta']
[0.155s] Level 1:colcon.colcon_core.package_identification:_identify(lerobot_related) by extension 'colcon_meta'
[0.155s] Level 1:colcon.colcon_core.package_identification:_identify(lerobot_related) by extensions ['ros']
[0.155s] Level 1:colcon.colcon_core.package_identification:_identify(lerobot_related) by extension 'ros'
[0.155s] Level 1:colcon.colcon_core.package_identification:_identify(lerobot_related) by extensions ['cmake', 'python']
[0.155s] Level 1:colcon.colcon_core.package_identification:_identify(lerobot_related) by extension 'cmake'
[0.155s] Level 1:colcon.colcon_core.package_identification:_identify(lerobot_related) by extension 'python'
[0.155s] Level 1:colcon.colcon_core.package_identification:_identify(lerobot_related) by extensions ['python_setup_py']
[0.155s] Level 1:colcon.colcon_core.package_identification:_identify(lerobot_related) by extension 'python_setup_py'
[0.155s] Level 1:colcon.colcon_core.package_identification:_identify(log) by extensions ['ignore', 'ignore_ament_install']
[0.155s] Level 1:colcon.colcon_core.package_identification:_identify(log) by extension 'ignore'
[0.155s] Level 1:colcon.colcon_core.package_identification:_identify(log) ignored
[0.155s] Level 1:colcon.colcon_core.package_identification:_identify(simple_table) by extensions ['ignore', 'ignore_ament_install']
[0.155s] Level 1:colcon.colcon_core.package_identification:_identify(simple_table) by extension 'ignore'
[0.155s] Level 1:colcon.colcon_core.package_identification:_identify(simple_table) by extension 'ignore_ament_install'
[0.155s] Level 1:colcon.colcon_core.package_identification:_identify(simple_table) by extensions ['colcon_pkg']
[0.155s] Level 1:colcon.colcon_core.package_identification:_identify(simple_table) by extension 'colcon_pkg'
[0.155s] Level 1:colcon.colcon_core.package_identification:_identify(simple_table) by extensions ['colcon_meta']
[0.155s] Level 1:colcon.colcon_core.package_identification:_identify(simple_table) by extension 'colcon_meta'
[0.155s] Level 1:colcon.colcon_core.package_identification:_identify(simple_table) by extensions ['ros']
[0.155s] Level 1:colcon.colcon_core.package_identification:_identify(simple_table) by extension 'ros'
[0.155s] Level 1:colcon.colcon_core.package_identification:_identify(simple_table) by extensions ['cmake', 'python']
[0.155s] Level 1:colcon.colcon_core.package_identification:_identify(simple_table) by extension 'cmake'
[0.155s] Level 1:colcon.colcon_core.package_identification:_identify(simple_table) by extension 'python'
[0.155s] Level 1:colcon.colcon_core.package_identification:_identify(simple_table) by extensions ['python_setup_py']
[0.155s] Level 1:colcon.colcon_core.package_identification:_identify(simple_table) by extension 'python_setup_py'
[0.155s] Level 1:colcon.colcon_core.package_identification:_identify(simple_table/simple_table) by extensions ['ignore', 'ignore_ament_install']
[0.156s] Level 1:colcon.colcon_core.package_identification:_identify(simple_table/simple_table) by extension 'ignore'
[0.156s] Level 1:colcon.colcon_core.package_identification:_identify(simple_table/simple_table) by extension 'ignore_ament_install'
[0.156s] Level 1:colcon.colcon_core.package_identification:_identify(simple_table/simple_table) by extensions ['colcon_pkg']
[0.156s] Level 1:colcon.colcon_core.package_identification:_identify(simple_table/simple_table) by extension 'colcon_pkg'
[0.156s] Level 1:colcon.colcon_core.package_identification:_identify(simple_table/simple_table) by extensions ['colcon_meta']
[0.156s] Level 1:colcon.colcon_core.package_identification:_identify(simple_table/simple_table) by extension 'colcon_meta'
[0.156s] Level 1:colcon.colcon_core.package_identification:_identify(simple_table/simple_table) by extensions ['ros']
[0.156s] Level 1:colcon.colcon_core.package_identification:_identify(simple_table/simple_table) by extension 'ros'
[0.156s] Level 1:colcon.colcon_core.package_identification:_identify(simple_table/simple_table) by extensions ['cmake', 'python']
[0.156s] Level 1:colcon.colcon_core.package_identification:_identify(simple_table/simple_table) by extension 'cmake'
[0.156s] Level 1:colcon.colcon_core.package_identification:_identify(simple_table/simple_table) by extension 'python'
[0.156s] Level 1:colcon.colcon_core.package_identification:_identify(simple_table/simple_table) by extensions ['python_setup_py']
[0.156s] Level 1:colcon.colcon_core.package_identification:_identify(simple_table/simple_table) by extension 'python_setup_py'
[0.156s] Level 1:colcon.colcon_core.package_identification:_identify(simple_table/simple_table/configuration) by extensions ['ignore', 'ignore_ament_install']
[0.156s] Level 1:colcon.colcon_core.package_identification:_identify(simple_table/simple_table/configuration) by extension 'ignore'
[0.156s] Level 1:colcon.colcon_core.package_identification:_identify(simple_table/simple_table/configuration) by extension 'ignore_ament_install'
[0.156s] Level 1:colcon.colcon_core.package_identification:_identify(simple_table/simple_table/configuration) by extensions ['colcon_pkg']
[0.156s] Level 1:colcon.colcon_core.package_identification:_identify(simple_table/simple_table/configuration) by extension 'colcon_pkg'
[0.156s] Level 1:colcon.colcon_core.package_identification:_identify(simple_table/simple_table/configuration) by extensions ['colcon_meta']
[0.156s] Level 1:colcon.colcon_core.package_identification:_identify(simple_table/simple_table/configuration) by extension 'colcon_meta'
[0.156s] Level 1:colcon.colcon_core.package_identification:_identify(simple_table/simple_table/configuration) by extensions ['ros']
[0.156s] Level 1:colcon.colcon_core.package_identification:_identify(simple_table/simple_table/configuration) by extension 'ros'
[0.156s] Level 1:colcon.colcon_core.package_identification:_identify(simple_table/simple_table/configuration) by extensions ['cmake', 'python']
[0.156s] Level 1:colcon.colcon_core.package_identification:_identify(simple_table/simple_table/configuration) by extension 'cmake'
[0.156s] Level 1:colcon.colcon_core.package_identification:_identify(simple_table/simple_table/configuration) by extension 'python'
[0.156s] Level 1:colcon.colcon_core.package_identification:_identify(simple_table/simple_table/configuration) by extensions ['python_setup_py']
[0.156s] Level 1:colcon.colcon_core.package_identification:_identify(simple_table/simple_table/configuration) by extension 'python_setup_py'
[0.156s] Level 1:colcon.colcon_core.package_identification:_identify(simple_table/simple_table/configuration/materials) by extensions ['ignore', 'ignore_ament_install']
[0.156s] Level 1:colcon.colcon_core.package_identification:_identify(simple_table/simple_table/configuration/materials) by extension 'ignore'
[0.156s] Level 1:colcon.colcon_core.package_identification:_identify(simple_table/simple_table/configuration/materials) by extension 'ignore_ament_install'
[0.156s] Level 1:colcon.colcon_core.package_identification:_identify(simple_table/simple_table/configuration/materials) by extensions ['colcon_pkg']
[0.156s] Level 1:colcon.colcon_core.package_identification:_identify(simple_table/simple_table/configuration/materials) by extension 'colcon_pkg'
[0.156s] Level 1:colcon.colcon_core.package_identification:_identify(simple_table/simple_table/configuration/materials) by extensions ['colcon_meta']
[0.156s] Level 1:colcon.colcon_core.package_identification:_identify(simple_table/simple_table/configuration/materials) by extension 'colcon_meta'
[0.156s] Level 1:colcon.colcon_core.package_identification:_identify(simple_table/simple_table/configuration/materials) by extensions ['ros']
[0.156s] Level 1:colcon.colcon_core.package_identification:_identify(simple_table/simple_table/configuration/materials) by extension 'ros'
[0.156s] Level 1:colcon.colcon_core.package_identification:_identify(simple_table/simple_table/configuration/materials) by extensions ['cmake', 'python']
[0.156s] Level 1:colcon.colcon_core.package_identification:_identify(simple_table/simple_table/configuration/materials) by extension 'cmake'
[0.156s] Level 1:colcon.colcon_core.package_identification:_identify(simple_table/simple_table/configuration/materials) by extension 'python'
[0.156s] Level 1:colcon.colcon_core.package_identification:_identify(simple_table/simple_table/configuration/materials) by extensions ['python_setup_py']
[0.156s] Level 1:colcon.colcon_core.package_identification:_identify(simple_table/simple_table/configuration/materials) by extension 'python_setup_py'
[0.156s] Level 1:colcon.colcon_core.package_identification:_identify(simple_table/simple_table/configuration/materials/textures) by extensions ['ignore', 'ignore_ament_install']
[0.157s] Level 1:colcon.colcon_core.package_identification:_identify(simple_table/simple_table/configuration/materials/textures) by extension 'ignore'
[0.157s] Level 1:colcon.colcon_core.package_identification:_identify(simple_table/simple_table/configuration/materials/textures) by extension 'ignore_ament_install'
[0.157s] Level 1:colcon.colcon_core.package_identification:_identify(simple_table/simple_table/configuration/materials/textures) by extensions ['colcon_pkg']
[0.157s] Level 1:colcon.colcon_core.package_identification:_identify(simple_table/simple_table/configuration/materials/textures) by extension 'colcon_pkg'
[0.157s] Level 1:colcon.colcon_core.package_identification:_identify(simple_table/simple_table/configuration/materials/textures) by extensions ['colcon_meta']
[0.157s] Level 1:colcon.colcon_core.package_identification:_identify(simple_table/simple_table/configuration/materials/textures) by extension 'colcon_meta'
[0.157s] Level 1:colcon.colcon_core.package_identification:_identify(simple_table/simple_table/configuration/materials/textures) by extensions ['ros']
[0.157s] Level 1:colcon.colcon_core.package_identification:_identify(simple_table/simple_table/configuration/materials/textures) by extension 'ros'
[0.157s] Level 1:colcon.colcon_core.package_identification:_identify(simple_table/simple_table/configuration/materials/textures) by extensions ['cmake', 'python']
[0.157s] Level 1:colcon.colcon_core.package_identification:_identify(simple_table/simple_table/configuration/materials/textures) by extension 'cmake'
[0.157s] Level 1:colcon.colcon_core.package_identification:_identify(simple_table/simple_table/configuration/materials/textures) by extension 'python'
[0.157s] Level 1:colcon.colcon_core.package_identification:_identify(simple_table/simple_table/configuration/materials/textures) by extensions ['python_setup_py']
[0.157s] Level 1:colcon.colcon_core.package_identification:_identify(simple_table/simple_table/configuration/materials/textures) by extension 'python_setup_py'
[0.157s] Level 1:colcon.colcon_core.package_identification:_identify(src) by extensions ['ignore', 'ignore_ament_install']
[0.157s] Level 1:colcon.colcon_core.package_identification:_identify(src) by extension 'ignore'
[0.157s] Level 1:colcon.colcon_core.package_identification:_identify(src) by extension 'ignore_ament_install'
[0.157s] Level 1:colcon.colcon_core.package_identification:_identify(src) by extensions ['colcon_pkg']
[0.157s] Level 1:colcon.colcon_core.package_identification:_identify(src) by extension 'colcon_pkg'
[0.157s] Level 1:colcon.colcon_core.package_identification:_identify(src) by extensions ['colcon_meta']
[0.157s] Level 1:colcon.colcon_core.package_identification:_identify(src) by extension 'colcon_meta'
[0.157s] Level 1:colcon.colcon_core.package_identification:_identify(src) by extensions ['ros']
[0.157s] Level 1:colcon.colcon_core.package_identification:_identify(src) by extension 'ros'
[0.157s] Level 1:colcon.colcon_core.package_identification:_identify(src) by extensions ['cmake', 'python']
[0.157s] Level 1:colcon.colcon_core.package_identification:_identify(src) by extension 'cmake'
[0.157s] Level 1:colcon.colcon_core.package_identification:_identify(src) by extension 'python'
[0.157s] Level 1:colcon.colcon_core.package_identification:_identify(src) by extensions ['python_setup_py']
[0.157s] Level 1:colcon.colcon_core.package_identification:_identify(src) by extension 'python_setup_py'
[0.157s] Level 1:colcon.colcon_core.package_identification:_identify(src/data_collection) by extensions ['ignore', 'ignore_ament_install']
[0.157s] Level 1:colcon.colcon_core.package_identification:_identify(src/data_collection) by extension 'ignore'
[0.157s] Level 1:colcon.colcon_core.package_identification:_identify(src/data_collection) by extension 'ignore_ament_install'
[0.157s] Level 1:colcon.colcon_core.package_identification:_identify(src/data_collection) by extensions ['colcon_pkg']
[0.157s] Level 1:colcon.colcon_core.package_identification:_identify(src/data_collection) by extension 'colcon_pkg'
[0.157s] Level 1:colcon.colcon_core.package_identification:_identify(src/data_collection) by extensions ['colcon_meta']
[0.157s] Level 1:colcon.colcon_core.package_identification:_identify(src/data_collection) by extension 'colcon_meta'
[0.157s] Level 1:colcon.colcon_core.package_identification:_identify(src/data_collection) by extensions ['ros']
[0.157s] Level 1:colcon.colcon_core.package_identification:_identify(src/data_collection) by extension 'ros'
[0.159s] DEBUG:colcon.colcon_core.package_identification:Package 'src/data_collection' with type 'ros.ament_cmake' and name 'data_collection'
[0.159s] Level 1:colcon.colcon_core.package_identification:_identify(src/moveit_servo) by extensions ['ignore', 'ignore_ament_install']
[0.159s] Level 1:colcon.colcon_core.package_identification:_identify(src/moveit_servo) by extension 'ignore'
[0.159s] Level 1:colcon.colcon_core.package_identification:_identify(src/moveit_servo) by extension 'ignore_ament_install'
[0.159s] Level 1:colcon.colcon_core.package_identification:_identify(src/moveit_servo) by extensions ['colcon_pkg']
[0.159s] Level 1:colcon.colcon_core.package_identification:_identify(src/moveit_servo) by extension 'colcon_pkg'
[0.159s] Level 1:colcon.colcon_core.package_identification:_identify(src/moveit_servo) by extensions ['colcon_meta']
[0.159s] Level 1:colcon.colcon_core.package_identification:_identify(src/moveit_servo) by extension 'colcon_meta'
[0.159s] Level 1:colcon.colcon_core.package_identification:_identify(src/moveit_servo) by extensions ['ros']
[0.159s] Level 1:colcon.colcon_core.package_identification:_identify(src/moveit_servo) by extension 'ros'
[0.160s] DEBUG:colcon.colcon_core.package_identification:Package 'src/moveit_servo' with type 'ros.ament_cmake' and name 'moveit_servo'
[0.160s] Level 1:colcon.colcon_core.package_identification:_identify(src/ur5_description) by extensions ['ignore', 'ignore_ament_install']
[0.160s] Level 1:colcon.colcon_core.package_identification:_identify(src/ur5_description) by extension 'ignore'
[0.160s] Level 1:colcon.colcon_core.package_identification:_identify(src/ur5_description) by extension 'ignore_ament_install'
[0.160s] Level 1:colcon.colcon_core.package_identification:_identify(src/ur5_description) by extensions ['colcon_pkg']
[0.160s] Level 1:colcon.colcon_core.package_identification:_identify(src/ur5_description) by extension 'colcon_pkg'
[0.160s] Level 1:colcon.colcon_core.package_identification:_identify(src/ur5_description) by extensions ['colcon_meta']
[0.160s] Level 1:colcon.colcon_core.package_identification:_identify(src/ur5_description) by extension 'colcon_meta'
[0.160s] Level 1:colcon.colcon_core.package_identification:_identify(src/ur5_description) by extensions ['ros']
[0.160s] Level 1:colcon.colcon_core.package_identification:_identify(src/ur5_description) by extension 'ros'
[0.160s] DEBUG:colcon.colcon_core.package_identification:Package 'src/ur5_description' with type 'ros.ament_cmake' and name 'ur5_description'
[0.161s] Level 1:colcon.colcon_core.package_identification:_identify(src/ur5_moveit_config) by extensions ['ignore', 'ignore_ament_install']
[0.161s] Level 1:colcon.colcon_core.package_identification:_identify(src/ur5_moveit_config) by extension 'ignore'
[0.161s] Level 1:colcon.colcon_core.package_identification:_identify(src/ur5_moveit_config) by extension 'ignore_ament_install'
[0.161s] Level 1:colcon.colcon_core.package_identification:_identify(src/ur5_moveit_config) by extensions ['colcon_pkg']
[0.161s] Level 1:colcon.colcon_core.package_identification:_identify(src/ur5_moveit_config) by extension 'colcon_pkg'
[0.161s] Level 1:colcon.colcon_core.package_identification:_identify(src/ur5_moveit_config) by extensions ['colcon_meta']
[0.161s] Level 1:colcon.colcon_core.package_identification:_identify(src/ur5_moveit_config) by extension 'colcon_meta'
[0.161s] Level 1:colcon.colcon_core.package_identification:_identify(src/ur5_moveit_config) by extensions ['ros']
[0.161s] Level 1:colcon.colcon_core.package_identification:_identify(src/ur5_moveit_config) by extension 'ros'
[0.161s] DEBUG:colcon.colcon_core.package_identification:Package 'src/ur5_moveit_config' with type 'ros.ament_cmake' and name 'ur5_moveit_config'
[0.161s] Level 1:colcon.colcon_core.package_identification:_identify(tbar) by extensions ['ignore', 'ignore_ament_install']
[0.161s] Level 1:colcon.colcon_core.package_identification:_identify(tbar) by extension 'ignore'
[0.161s] Level 1:colcon.colcon_core.package_identification:_identify(tbar) by extension 'ignore_ament_install'
[0.161s] Level 1:colcon.colcon_core.package_identification:_identify(tbar) by extensions ['colcon_pkg']
[0.161s] Level 1:colcon.colcon_core.package_identification:_identify(tbar) by extension 'colcon_pkg'
[0.161s] Level 1:colcon.colcon_core.package_identification:_identify(tbar) by extensions ['colcon_meta']
[0.161s] Level 1:colcon.colcon_core.package_identification:_identify(tbar) by extension 'colcon_meta'
[0.161s] Level 1:colcon.colcon_core.package_identification:_identify(tbar) by extensions ['ros']
[0.161s] Level 1:colcon.colcon_core.package_identification:_identify(tbar) by extension 'ros'
[0.161s] Level 1:colcon.colcon_core.package_identification:_identify(tbar) by extensions ['cmake', 'python']
[0.161s] Level 1:colcon.colcon_core.package_identification:_identify(tbar) by extension 'cmake'
[0.162s] Level 1:colcon.colcon_core.package_identification:_identify(tbar) by extension 'python'
[0.162s] Level 1:colcon.colcon_core.package_identification:_identify(tbar) by extensions ['python_setup_py']
[0.162s] Level 1:colcon.colcon_core.package_identification:_identify(tbar) by extension 'python_setup_py'
[0.162s] Level 1:colcon.colcon_core.package_identification:_identify(tbar/tbar) by extensions ['ignore', 'ignore_ament_install']
[0.162s] Level 1:colcon.colcon_core.package_identification:_identify(tbar/tbar) by extension 'ignore'
[0.162s] Level 1:colcon.colcon_core.package_identification:_identify(tbar/tbar) by extension 'ignore_ament_install'
[0.162s] Level 1:colcon.colcon_core.package_identification:_identify(tbar/tbar) by extensions ['colcon_pkg']
[0.162s] Level 1:colcon.colcon_core.package_identification:_identify(tbar/tbar) by extension 'colcon_pkg'
[0.162s] Level 1:colcon.colcon_core.package_identification:_identify(tbar/tbar) by extensions ['colcon_meta']
[0.162s] Level 1:colcon.colcon_core.package_identification:_identify(tbar/tbar) by extension 'colcon_meta'
[0.162s] Level 1:colcon.colcon_core.package_identification:_identify(tbar/tbar) by extensions ['ros']
[0.162s] Level 1:colcon.colcon_core.package_identification:_identify(tbar/tbar) by extension 'ros'
[0.162s] Level 1:colcon.colcon_core.package_identification:_identify(tbar/tbar) by extensions ['cmake', 'python']
[0.162s] Level 1:colcon.colcon_core.package_identification:_identify(tbar/tbar) by extension 'cmake'
[0.162s] Level 1:colcon.colcon_core.package_identification:_identify(tbar/tbar) by extension 'python'
[0.162s] Level 1:colcon.colcon_core.package_identification:_identify(tbar/tbar) by extensions ['python_setup_py']
[0.162s] Level 1:colcon.colcon_core.package_identification:_identify(tbar/tbar) by extension 'python_setup_py'
[0.162s] Level 1:colcon.colcon_core.package_identification:_identify(tbar/tbar/configuration) by extensions ['ignore', 'ignore_ament_install']
[0.162s] Level 1:colcon.colcon_core.package_identification:_identify(tbar/tbar/configuration) by extension 'ignore'
[0.162s] Level 1:colcon.colcon_core.package_identification:_identify(tbar/tbar/configuration) by extension 'ignore_ament_install'
[0.162s] Level 1:colcon.colcon_core.package_identification:_identify(tbar/tbar/configuration) by extensions ['colcon_pkg']
[0.162s] Level 1:colcon.colcon_core.package_identification:_identify(tbar/tbar/configuration) by extension 'colcon_pkg'
[0.162s] Level 1:colcon.colcon_core.package_identification:_identify(tbar/tbar/configuration) by extensions ['colcon_meta']
[0.162s] Level 1:colcon.colcon_core.package_identification:_identify(tbar/tbar/configuration) by extension 'colcon_meta'
[0.162s] Level 1:colcon.colcon_core.package_identification:_identify(tbar/tbar/configuration) by extensions ['ros']
[0.162s] Level 1:colcon.colcon_core.package_identification:_identify(tbar/tbar/configuration) by extension 'ros'
[0.162s] Level 1:colcon.colcon_core.package_identification:_identify(tbar/tbar/configuration) by extensions ['cmake', 'python']
[0.162s] Level 1:colcon.colcon_core.package_identification:_identify(tbar/tbar/configuration) by extension 'cmake'
[0.162s] Level 1:colcon.colcon_core.package_identification:_identify(tbar/tbar/configuration) by extension 'python'
[0.162s] Level 1:colcon.colcon_core.package_identification:_identify(tbar/tbar/configuration) by extensions ['python_setup_py']
[0.162s] Level 1:colcon.colcon_core.package_identification:_identify(tbar/tbar/configuration) by extension 'python_setup_py'
[0.162s] Level 1:colcon.colcon_core.package_identification:_identify(training_data) by extensions ['ignore', 'ignore_ament_install']
[0.162s] Level 1:colcon.colcon_core.package_identification:_identify(training_data) by extension 'ignore'
[0.162s] Level 1:colcon.colcon_core.package_identification:_identify(training_data) by extension 'ignore_ament_install'
[0.162s] Level 1:colcon.colcon_core.package_identification:_identify(training_data) by extensions ['colcon_pkg']
[0.162s] Level 1:colcon.colcon_core.package_identification:_identify(training_data) by extension 'colcon_pkg'
[0.162s] Level 1:colcon.colcon_core.package_identification:_identify(training_data) by extensions ['colcon_meta']
[0.162s] Level 1:colcon.colcon_core.package_identification:_identify(training_data) by extension 'colcon_meta'
[0.162s] Level 1:colcon.colcon_core.package_identification:_identify(training_data) by extensions ['ros']
[0.162s] Level 1:colcon.colcon_core.package_identification:_identify(training_data) by extension 'ros'
[0.162s] Level 1:colcon.colcon_core.package_identification:_identify(training_data) by extensions ['cmake', 'python']
[0.162s] Level 1:colcon.colcon_core.package_identification:_identify(training_data) by extension 'cmake'
[0.162s] Level 1:colcon.colcon_core.package_identification:_identify(training_data) by extension 'python'
[0.162s] Level 1:colcon.colcon_core.package_identification:_identify(training_data) by extensions ['python_setup_py']
[0.162s] Level 1:colcon.colcon_core.package_identification:_identify(training_data) by extension 'python_setup_py'
[0.163s] Level 1:colcon.colcon_core.package_identification:_identify(training_data/lerobot) by extensions ['ignore', 'ignore_ament_install']
[0.163s] Level 1:colcon.colcon_core.package_identification:_identify(training_data/lerobot) by extension 'ignore'
[0.163s] Level 1:colcon.colcon_core.package_identification:_identify(training_data/lerobot) by extension 'ignore_ament_install'
[0.163s] Level 1:colcon.colcon_core.package_identification:_identify(training_data/lerobot) by extensions ['colcon_pkg']
[0.163s] Level 1:colcon.colcon_core.package_identification:_identify(training_data/lerobot) by extension 'colcon_pkg'
[0.163s] Level 1:colcon.colcon_core.package_identification:_identify(training_data/lerobot) by extensions ['colcon_meta']
[0.163s] Level 1:colcon.colcon_core.package_identification:_identify(training_data/lerobot) by extension 'colcon_meta'
[0.163s] Level 1:colcon.colcon_core.package_identification:_identify(training_data/lerobot) by extensions ['ros']
[0.163s] Level 1:colcon.colcon_core.package_identification:_identify(training_data/lerobot) by extension 'ros'
[0.163s] Level 1:colcon.colcon_core.package_identification:_identify(training_data/lerobot) by extensions ['cmake', 'python']
[0.163s] Level 1:colcon.colcon_core.package_identification:_identify(training_data/lerobot) by extension 'cmake'
[0.163s] Level 1:colcon.colcon_core.package_identification:_identify(training_data/lerobot) by extension 'python'
[0.163s] Level 1:colcon.colcon_core.package_identification:_identify(training_data/lerobot) by extensions ['python_setup_py']
[0.163s] Level 1:colcon.colcon_core.package_identification:_identify(training_data/lerobot) by extension 'python_setup_py'
[0.163s] Level 1:colcon.colcon_core.package_identification:_identify(training_data/lerobot/my_pusht) by extensions ['ignore', 'ignore_ament_install']
[0.163s] Level 1:colcon.colcon_core.package_identification:_identify(training_data/lerobot/my_pusht) by extension 'ignore'
[0.163s] Level 1:colcon.colcon_core.package_identification:_identify(training_data/lerobot/my_pusht) by extension 'ignore_ament_install'
[0.163s] Level 1:colcon.colcon_core.package_identification:_identify(training_data/lerobot/my_pusht) by extensions ['colcon_pkg']
[0.163s] Level 1:colcon.colcon_core.package_identification:_identify(training_data/lerobot/my_pusht) by extension 'colcon_pkg'
[0.163s] Level 1:colcon.colcon_core.package_identification:_identify(training_data/lerobot/my_pusht) by extensions ['colcon_meta']
[0.163s] Level 1:colcon.colcon_core.package_identification:_identify(training_data/lerobot/my_pusht) by extension 'colcon_meta'
[0.163s] Level 1:colcon.colcon_core.package_identification:_identify(training_data/lerobot/my_pusht) by extensions ['ros']
[0.163s] Level 1:colcon.colcon_core.package_identification:_identify(training_data/lerobot/my_pusht) by extension 'ros'
[0.163s] Level 1:colcon.colcon_core.package_identification:_identify(training_data/lerobot/my_pusht) by extensions ['cmake', 'python']
[0.163s] Level 1:colcon.colcon_core.package_identification:_identify(training_data/lerobot/my_pusht) by extension 'cmake'
[0.163s] Level 1:colcon.colcon_core.package_identification:_identify(training_data/lerobot/my_pusht) by extension 'python'
[0.163s] Level 1:colcon.colcon_core.package_identification:_identify(training_data/lerobot/my_pusht) by extensions ['python_setup_py']
[0.163s] Level 1:colcon.colcon_core.package_identification:_identify(training_data/lerobot/my_pusht) by extension 'python_setup_py'
[0.163s] Level 1:colcon.colcon_core.package_identification:_identify(training_data/lerobot/my_pusht/data) by extensions ['ignore', 'ignore_ament_install']
[0.163s] Level 1:colcon.colcon_core.package_identification:_identify(training_data/lerobot/my_pusht/data) by extension 'ignore'
[0.163s] Level 1:colcon.colcon_core.package_identification:_identify(training_data/lerobot/my_pusht/data) by extension 'ignore_ament_install'
[0.163s] Level 1:colcon.colcon_core.package_identification:_identify(training_data/lerobot/my_pusht/data) by extensions ['colcon_pkg']
[0.163s] Level 1:colcon.colcon_core.package_identification:_identify(training_data/lerobot/my_pusht/data) by extension 'colcon_pkg'
[0.163s] Level 1:colcon.colcon_core.package_identification:_identify(training_data/lerobot/my_pusht/data) by extensions ['colcon_meta']
[0.163s] Level 1:colcon.colcon_core.package_identification:_identify(training_data/lerobot/my_pusht/data) by extension 'colcon_meta'
[0.163s] Level 1:colcon.colcon_core.package_identification:_identify(training_data/lerobot/my_pusht/data) by extensions ['ros']
[0.163s] Level 1:colcon.colcon_core.package_identification:_identify(training_data/lerobot/my_pusht/data) by extension 'ros'
[0.163s] Level 1:colcon.colcon_core.package_identification:_identify(training_data/lerobot/my_pusht/data) by extensions ['cmake', 'python']
[0.163s] Level 1:colcon.colcon_core.package_identification:_identify(training_data/lerobot/my_pusht/data) by extension 'cmake'
[0.163s] Level 1:colcon.colcon_core.package_identification:_identify(training_data/lerobot/my_pusht/data) by extension 'python'
[0.163s] Level 1:colcon.colcon_core.package_identification:_identify(training_data/lerobot/my_pusht/data) by extensions ['python_setup_py']
[0.163s] Level 1:colcon.colcon_core.package_identification:_identify(training_data/lerobot/my_pusht/data) by extension 'python_setup_py'
[0.163s] Level 1:colcon.colcon_core.package_identification:_identify(training_data/lerobot/my_pusht/data/chunk-000) by extensions ['ignore', 'ignore_ament_install']
[0.163s] Level 1:colcon.colcon_core.package_identification:_identify(training_data/lerobot/my_pusht/data/chunk-000) by extension 'ignore'
[0.164s] Level 1:colcon.colcon_core.package_identification:_identify(training_data/lerobot/my_pusht/data/chunk-000) by extension 'ignore_ament_install'
[0.164s] Level 1:colcon.colcon_core.package_identification:_identify(training_data/lerobot/my_pusht/data/chunk-000) by extensions ['colcon_pkg']
[0.164s] Level 1:colcon.colcon_core.package_identification:_identify(training_data/lerobot/my_pusht/data/chunk-000) by extension 'colcon_pkg'
[0.164s] Level 1:colcon.colcon_core.package_identification:_identify(training_data/lerobot/my_pusht/data/chunk-000) by extensions ['colcon_meta']
[0.164s] Level 1:colcon.colcon_core.package_identification:_identify(training_data/lerobot/my_pusht/data/chunk-000) by extension 'colcon_meta'
[0.164s] Level 1:colcon.colcon_core.package_identification:_identify(training_data/lerobot/my_pusht/data/chunk-000) by extensions ['ros']
[0.164s] Level 1:colcon.colcon_core.package_identification:_identify(training_data/lerobot/my_pusht/data/chunk-000) by extension 'ros'
[0.164s] Level 1:colcon.colcon_core.package_identification:_identify(training_data/lerobot/my_pusht/data/chunk-000) by extensions ['cmake', 'python']
[0.164s] Level 1:colcon.colcon_core.package_identification:_identify(training_data/lerobot/my_pusht/data/chunk-000) by extension 'cmake'
[0.164s] Level 1:colcon.colcon_core.package_identification:_identify(training_data/lerobot/my_pusht/data/chunk-000) by extension 'python'
[0.164s] Level 1:colcon.colcon_core.package_identification:_identify(training_data/lerobot/my_pusht/data/chunk-000) by extensions ['python_setup_py']
[0.164s] Level 1:colcon.colcon_core.package_identification:_identify(training_data/lerobot/my_pusht/data/chunk-000) by extension 'python_setup_py'
[0.164s] Level 1:colcon.colcon_core.package_identification:_identify(training_data/lerobot/my_pusht/meta) by extensions ['ignore', 'ignore_ament_install']
[0.164s] Level 1:colcon.colcon_core.package_identification:_identify(training_data/lerobot/my_pusht/meta) by extension 'ignore'
[0.164s] Level 1:colcon.colcon_core.package_identification:_identify(training_data/lerobot/my_pusht/meta) by extension 'ignore_ament_install'
[0.164s] Level 1:colcon.colcon_core.package_identification:_identify(training_data/lerobot/my_pusht/meta) by extensions ['colcon_pkg']
[0.164s] Level 1:colcon.colcon_core.package_identification:_identify(training_data/lerobot/my_pusht/meta) by extension 'colcon_pkg'
[0.164s] Level 1:colcon.colcon_core.package_identification:_identify(training_data/lerobot/my_pusht/meta) by extensions ['colcon_meta']
[0.164s] Level 1:colcon.colcon_core.package_identification:_identify(training_data/lerobot/my_pusht/meta) by extension 'colcon_meta'
[0.164s] Level 1:colcon.colcon_core.package_identification:_identify(training_data/lerobot/my_pusht/meta) by extensions ['ros']
[0.164s] Level 1:colcon.colcon_core.package_identification:_identify(training_data/lerobot/my_pusht/meta) by extension 'ros'
[0.164s] Level 1:colcon.colcon_core.package_identification:_identify(training_data/lerobot/my_pusht/meta) by extensions ['cmake', 'python']
[0.164s] Level 1:colcon.colcon_core.package_identification:_identify(training_data/lerobot/my_pusht/meta) by extension 'cmake'
[0.164s] Level 1:colcon.colcon_core.package_identification:_identify(training_data/lerobot/my_pusht/meta) by extension 'python'
[0.164s] Level 1:colcon.colcon_core.package_identification:_identify(training_data/lerobot/my_pusht/meta) by extensions ['python_setup_py']
[0.164s] Level 1:colcon.colcon_core.package_identification:_identify(training_data/lerobot/my_pusht/meta) by extension 'python_setup_py'
[0.164s] Level 1:colcon.colcon_core.package_identification:_identify(training_data/lerobot/my_pusht/videos) by extensions ['ignore', 'ignore_ament_install']
[0.164s] Level 1:colcon.colcon_core.package_identification:_identify(training_data/lerobot/my_pusht/videos) by extension 'ignore'
[0.164s] Level 1:colcon.colcon_core.package_identification:_identify(training_data/lerobot/my_pusht/videos) by extension 'ignore_ament_install'
[0.164s] Level 1:colcon.colcon_core.package_identification:_identify(training_data/lerobot/my_pusht/videos) by extensions ['colcon_pkg']
[0.164s] Level 1:colcon.colcon_core.package_identification:_identify(training_data/lerobot/my_pusht/videos) by extension 'colcon_pkg'
[0.164s] Level 1:colcon.colcon_core.package_identification:_identify(training_data/lerobot/my_pusht/videos) by extensions ['colcon_meta']
[0.164s] Level 1:colcon.colcon_core.package_identification:_identify(training_data/lerobot/my_pusht/videos) by extension 'colcon_meta'
[0.164s] Level 1:colcon.colcon_core.package_identification:_identify(training_data/lerobot/my_pusht/videos) by extensions ['ros']
[0.164s] Level 1:colcon.colcon_core.package_identification:_identify(training_data/lerobot/my_pusht/videos) by extension 'ros'
[0.164s] Level 1:colcon.colcon_core.package_identification:_identify(training_data/lerobot/my_pusht/videos) by extensions ['cmake', 'python']
[0.164s] Level 1:colcon.colcon_core.package_identification:_identify(training_data/lerobot/my_pusht/videos) by extension 'cmake'
[0.164s] Level 1:colcon.colcon_core.package_identification:_identify(training_data/lerobot/my_pusht/videos) by extension 'python'
[0.164s] Level 1:colcon.colcon_core.package_identification:_identify(training_data/lerobot/my_pusht/videos) by extensions ['python_setup_py']
[0.164s] Level 1:colcon.colcon_core.package_identification:_identify(training_data/lerobot/my_pusht/videos) by extension 'python_setup_py'
[0.164s] Level 1:colcon.colcon_core.package_identification:_identify(training_data/lerobot/my_pusht/videos/chunk-000) by extensions ['ignore', 'ignore_ament_install']
[0.164s] Level 1:colcon.colcon_core.package_identification:_identify(training_data/lerobot/my_pusht/videos/chunk-000) by extension 'ignore'
[0.164s] Level 1:colcon.colcon_core.package_identification:_identify(training_data/lerobot/my_pusht/videos/chunk-000) by extension 'ignore_ament_install'
[0.164s] Level 1:colcon.colcon_core.package_identification:_identify(training_data/lerobot/my_pusht/videos/chunk-000) by extensions ['colcon_pkg']
[0.164s] Level 1:colcon.colcon_core.package_identification:_identify(training_data/lerobot/my_pusht/videos/chunk-000) by extension 'colcon_pkg'
[0.164s] Level 1:colcon.colcon_core.package_identification:_identify(training_data/lerobot/my_pusht/videos/chunk-000) by extensions ['colcon_meta']
[0.165s] Level 1:colcon.colcon_core.package_identification:_identify(training_data/lerobot/my_pusht/videos/chunk-000) by extension 'colcon_meta'
[0.165s] Level 1:colcon.colcon_core.package_identification:_identify(training_data/lerobot/my_pusht/videos/chunk-000) by extensions ['ros']
[0.165s] Level 1:colcon.colcon_core.package_identification:_identify(training_data/lerobot/my_pusht/videos/chunk-000) by extension 'ros'
[0.165s] Level 1:colcon.colcon_core.package_identification:_identify(training_data/lerobot/my_pusht/videos/chunk-000) by extensions ['cmake', 'python']
[0.165s] Level 1:colcon.colcon_core.package_identification:_identify(training_data/lerobot/my_pusht/videos/chunk-000) by extension 'cmake'
[0.165s] Level 1:colcon.colcon_core.package_identification:_identify(training_data/lerobot/my_pusht/videos/chunk-000) by extension 'python'
[0.165s] Level 1:colcon.colcon_core.package_identification:_identify(training_data/lerobot/my_pusht/videos/chunk-000) by extensions ['python_setup_py']
[0.165s] Level 1:colcon.colcon_core.package_identification:_identify(training_data/lerobot/my_pusht/videos/chunk-000) by extension 'python_setup_py'
[0.165s] Level 1:colcon.colcon_core.package_identification:_identify(training_data/lerobot/my_pusht/videos/chunk-000/observation.image) by extensions ['ignore', 'ignore_ament_install']
[0.165s] Level 1:colcon.colcon_core.package_identification:_identify(training_data/lerobot/my_pusht/videos/chunk-000/observation.image) by extension 'ignore'
[0.165s] Level 1:colcon.colcon_core.package_identification:_identify(training_data/lerobot/my_pusht/videos/chunk-000/observation.image) by extension 'ignore_ament_install'
[0.165s] Level 1:colcon.colcon_core.package_identification:_identify(training_data/lerobot/my_pusht/videos/chunk-000/observation.image) by extensions ['colcon_pkg']
[0.165s] Level 1:colcon.colcon_core.package_identification:_identify(training_data/lerobot/my_pusht/videos/chunk-000/observation.image) by extension 'colcon_pkg'
[0.165s] Level 1:colcon.colcon_core.package_identification:_identify(training_data/lerobot/my_pusht/videos/chunk-000/observation.image) by extensions ['colcon_meta']
[0.165s] Level 1:colcon.colcon_core.package_identification:_identify(training_data/lerobot/my_pusht/videos/chunk-000/observation.image) by extension 'colcon_meta'
[0.165s] Level 1:colcon.colcon_core.package_identification:_identify(training_data/lerobot/my_pusht/videos/chunk-000/observation.image) by extensions ['ros']
[0.165s] Level 1:colcon.colcon_core.package_identification:_identify(training_data/lerobot/my_pusht/videos/chunk-000/observation.image) by extension 'ros'
[0.165s] Level 1:colcon.colcon_core.package_identification:_identify(training_data/lerobot/my_pusht/videos/chunk-000/observation.image) by extensions ['cmake', 'python']
[0.165s] Level 1:colcon.colcon_core.package_identification:_identify(training_data/lerobot/my_pusht/videos/chunk-000/observation.image) by extension 'cmake'
[0.165s] Level 1:colcon.colcon_core.package_identification:_identify(training_data/lerobot/my_pusht/videos/chunk-000/observation.image) by extension 'python'
[0.165s] Level 1:colcon.colcon_core.package_identification:_identify(training_data/lerobot/my_pusht/videos/chunk-000/observation.image) by extensions ['python_setup_py']
[0.165s] Level 1:colcon.colcon_core.package_identification:_identify(training_data/lerobot/my_pusht/videos/chunk-000/observation.image) by extension 'python_setup_py'
[0.165s] Level 1:colcon.colcon_core.package_discovery:discover_packages(recursive) using defaults
[0.165s] Level 1:colcon.colcon_core.package_discovery:discover_packages(ignore) discover
[0.165s] Level 1:colcon.colcon_core.package_discovery:discover_packages(ignore) using defaults
[0.165s] Level 1:colcon.colcon_core.package_discovery:discover_packages(path) discover
[0.165s] Level 1:colcon.colcon_core.package_discovery:discover_packages(path) using defaults
[0.183s] INFO:colcon.colcon_core.package_selection:Skipping not selected package 'data_collection' in 'src/data_collection'
[0.183s] INFO:colcon.colcon_core.package_selection:Skipping not selected package 'ur5_description' in 'src/ur5_description'
[0.183s] INFO:colcon.colcon_core.package_selection:Skipping not selected package 'ur5_moveit_config' in 'src/ur5_moveit_config'
[0.184s] Level 1:colcon.colcon_core.package_discovery:discover_packages(prefix_path) check parameters
[0.184s] Level 1:colcon.colcon_core.package_discovery:discover_packages(prefix_path) discover
[0.185s] DEBUG:colcon.colcon_installed_package_information.package_discovery:Found 348 installed packages in /opt/ros/humble
[0.186s] Level 1:colcon.colcon_core.package_discovery:discover_packages(prefix_path) using defaults
[0.212s] Level 5:colcon.colcon_core.verb:set package 'moveit_servo' build argument 'cmake_args' from command line to 'None'
[0.212s] Level 5:colcon.colcon_core.verb:set package 'moveit_servo' build argument 'cmake_target' from command line to 'None'
[0.212s] Level 5:colcon.colcon_core.verb:set package 'moveit_servo' build argument 'cmake_target_skip_unavailable' from command line to 'False'
[0.212s] Level 5:colcon.colcon_core.verb:set package 'moveit_servo' build argument 'cmake_clean_cache' from command line to 'False'
[0.212s] Level 5:colcon.colcon_core.verb:set package 'moveit_servo' build argument 'cmake_clean_first' from command line to 'False'
[0.212s] Level 5:colcon.colcon_core.verb:set package 'moveit_servo' build argument 'cmake_force_configure' from command line to 'False'
[0.212s] Level 5:colcon.colcon_core.verb:set package 'moveit_servo' build argument 'ament_cmake_args' from command line to 'None'
[0.212s] Level 5:colcon.colcon_core.verb:set package 'moveit_servo' build argument 'catkin_cmake_args' from command line to 'None'
[0.212s] Level 5:colcon.colcon_core.verb:set package 'moveit_servo' build argument 'catkin_skip_building_tests' from command line to 'False'
[0.212s] DEBUG:colcon.colcon_core.verb:Building package 'moveit_servo' with the following arguments: {'ament_cmake_args': None, 'build_base': '/home/robot/ur5_simulation/build/moveit_servo', 'catkin_cmake_args': None, 'catkin_skip_building_tests': False, 'cmake_args': None, 'cmake_clean_cache': False, 'cmake_clean_first': False, 'cmake_force_configure': False, 'cmake_target': None, 'cmake_target_skip_unavailable': False, 'install_base': '/home/robot/ur5_simulation/install/moveit_servo', 'merge_install': False, 'path': '/home/robot/ur5_simulation/src/moveit_servo', 'symlink_install': False, 'test_result_base': None}
[0.212s] INFO:colcon.colcon_core.executor:Executing jobs using 'parallel' executor
[0.213s] DEBUG:colcon.colcon_parallel_executor.executor.parallel:run_until_complete
[0.213s] INFO:colcon.colcon_ros.task.ament_cmake.build:Building ROS package in '/home/robot/ur5_simulation/src/moveit_servo' with build type 'ament_cmake'
[0.213s] INFO:colcon.colcon_cmake.task.cmake.build:Building CMake package in '/home/robot/ur5_simulation/src/moveit_servo'
[0.214s] INFO:colcon.colcon_core.plugin_system:Skipping extension 'colcon_core.shell.bat': Not used on non-Windows systems
[0.214s] INFO:colcon.colcon_core.shell:Skip shell extension 'powershell' for command environment: Not usable outside of PowerShell
[0.214s] DEBUG:colcon.colcon_core.shell:Skip shell extension 'dsv' for command environment
[0.223s] DEBUG:colcon.colcon_core.event_handler.log_command:Invoking command in '/home/robot/ur5_simulation/build/moveit_servo': /usr/bin/cmake /home/robot/ur5_simulation/src/moveit_servo -DCMAKE_INSTALL_PREFIX=/home/robot/ur5_simulation/install/moveit_servo
[1.703s] DEBUG:colcon.colcon_core.event_handler.log_command:Invoked command in '/home/robot/ur5_simulation/build/moveit_servo' returned '0': /usr/bin/cmake /home/robot/ur5_simulation/src/moveit_servo -DCMAKE_INSTALL_PREFIX=/home/robot/ur5_simulation/install/moveit_servo
[1.706s] DEBUG:colcon.colcon_core.event_handler.log_command:Invoking command in '/home/robot/ur5_simulation/build/moveit_servo': /usr/bin/cmake --build /home/robot/ur5_simulation/build/moveit_servo -- -j18 -l18
[80.543s] DEBUG:colcon.colcon_core.event_handler.log_command:Invoked command in '/home/robot/ur5_simulation/build/moveit_servo' returned '0': /usr/bin/cmake --build /home/robot/ur5_simulation/build/moveit_servo -- -j18 -l18
[80.553s] DEBUG:colcon.colcon_core.event_handler.log_command:Invoking command in '/home/robot/ur5_simulation/build/moveit_servo': /usr/bin/cmake --install /home/robot/ur5_simulation/build/moveit_servo
[80.569s] Level 1:colcon.colcon_core.environment:create_environment_scripts_only(moveit_servo)
[80.569s] DEBUG:colcon.colcon_core.event_handler.log_command:Invoked command in '/home/robot/ur5_simulation/build/moveit_servo' returned '0': /usr/bin/cmake --install /home/robot/ur5_simulation/build/moveit_servo
[80.572s] Level 1:colcon.colcon_core.environment:checking '/home/robot/ur5_simulation/install/moveit_servo' for CMake module files
[80.573s] Level 1:colcon.colcon_core.environment:checking '/home/robot/ur5_simulation/install/moveit_servo' for CMake config files
[80.573s] Level 1:colcon.colcon_core.shell:create_environment_hook('moveit_servo', 'cmake_prefix_path')
[80.573s] INFO:colcon.colcon_core.shell:Creating environment hook '/home/robot/ur5_simulation/install/moveit_servo/share/moveit_servo/hook/cmake_prefix_path.ps1'
[80.574s] INFO:colcon.colcon_core.shell:Creating environment descriptor '/home/robot/ur5_simulation/install/moveit_servo/share/moveit_servo/hook/cmake_prefix_path.dsv'
[80.574s] INFO:colcon.colcon_core.shell:Creating environment hook '/home/robot/ur5_simulation/install/moveit_servo/share/moveit_servo/hook/cmake_prefix_path.sh'
[80.575s] Level 1:colcon.colcon_core.environment:checking '/home/robot/ur5_simulation/install/moveit_servo/lib'
[80.575s] Level 1:colcon.colcon_core.shell:create_environment_hook('moveit_servo', 'ld_library_path_lib')
[80.575s] INFO:colcon.colcon_core.shell:Creating environment hook '/home/robot/ur5_simulation/install/moveit_servo/share/moveit_servo/hook/ld_library_path_lib.ps1'
[80.575s] INFO:colcon.colcon_core.shell:Creating environment descriptor '/home/robot/ur5_simulation/install/moveit_servo/share/moveit_servo/hook/ld_library_path_lib.dsv'
[80.575s] INFO:colcon.colcon_core.shell:Creating environment hook '/home/robot/ur5_simulation/install/moveit_servo/share/moveit_servo/hook/ld_library_path_lib.sh'
[80.575s] Level 1:colcon.colcon_core.environment:checking '/home/robot/ur5_simulation/install/moveit_servo/bin'
[80.575s] Level 1:colcon.colcon_core.environment:checking '/home/robot/ur5_simulation/install/moveit_servo/lib/pkgconfig/moveit_servo.pc'
[80.576s] Level 1:colcon.colcon_core.environment:checking '/home/robot/ur5_simulation/install/moveit_servo/lib/python3.10/site-packages'
[80.576s] Level 1:colcon.colcon_core.environment:checking '/home/robot/ur5_simulation/install/moveit_servo/bin'
[80.576s] INFO:colcon.colcon_core.shell:Creating package script '/home/robot/ur5_simulation/install/moveit_servo/share/moveit_servo/package.ps1'
[80.576s] INFO:colcon.colcon_core.shell:Creating package descriptor '/home/robot/ur5_simulation/install/moveit_servo/share/moveit_servo/package.dsv'
[80.577s] INFO:colcon.colcon_core.shell:Creating package script '/home/robot/ur5_simulation/install/moveit_servo/share/moveit_servo/package.sh'
[80.577s] INFO:colcon.colcon_core.shell:Creating package script '/home/robot/ur5_simulation/install/moveit_servo/share/moveit_servo/package.bash'
[80.577s] INFO:colcon.colcon_core.shell:Creating package script '/home/robot/ur5_simulation/install/moveit_servo/share/moveit_servo/package.zsh'
[80.578s] Level 1:colcon.colcon_core.environment:create_file_with_runtime_dependencies(/home/robot/ur5_simulation/install/moveit_servo/share/colcon-core/packages/moveit_servo)
[80.578s] Level 1:colcon.colcon_core.environment:create_environment_scripts_only(moveit_servo)
[80.578s] Level 1:colcon.colcon_core.environment:checking '/home/robot/ur5_simulation/install/moveit_servo' for CMake module files
[80.579s] Level 1:colcon.colcon_core.environment:checking '/home/robot/ur5_simulation/install/moveit_servo' for CMake config files
[80.579s] Level 1:colcon.colcon_core.shell:create_environment_hook('moveit_servo', 'cmake_prefix_path')
[80.579s] INFO:colcon.colcon_core.shell:Creating environment hook '/home/robot/ur5_simulation/install/moveit_servo/share/moveit_servo/hook/cmake_prefix_path.ps1'
[80.580s] INFO:colcon.colcon_core.shell:Creating environment descriptor '/home/robot/ur5_simulation/install/moveit_servo/share/moveit_servo/hook/cmake_prefix_path.dsv'
[80.580s] INFO:colcon.colcon_core.shell:Creating environment hook '/home/robot/ur5_simulation/install/moveit_servo/share/moveit_servo/hook/cmake_prefix_path.sh'
[80.580s] Level 1:colcon.colcon_core.environment:checking '/home/robot/ur5_simulation/install/moveit_servo/lib'
[80.580s] Level 1:colcon.colcon_core.shell:create_environment_hook('moveit_servo', 'ld_library_path_lib')
[80.580s] INFO:colcon.colcon_core.shell:Creating environment hook '/home/robot/ur5_simulation/install/moveit_servo/share/moveit_servo/hook/ld_library_path_lib.ps1'
[80.581s] INFO:colcon.colcon_core.shell:Creating environment descriptor '/home/robot/ur5_simulation/install/moveit_servo/share/moveit_servo/hook/ld_library_path_lib.dsv'
[80.581s] INFO:colcon.colcon_core.shell:Creating environment hook '/home/robot/ur5_simulation/install/moveit_servo/share/moveit_servo/hook/ld_library_path_lib.sh'
[80.581s] Level 1:colcon.colcon_core.environment:checking '/home/robot/ur5_simulation/install/moveit_servo/bin'
[80.581s] Level 1:colcon.colcon_core.environment:checking '/home/robot/ur5_simulation/install/moveit_servo/lib/pkgconfig/moveit_servo.pc'
[80.581s] Level 1:colcon.colcon_core.environment:checking '/home/robot/ur5_simulation/install/moveit_servo/lib/python3.10/site-packages'
[80.581s] Level 1:colcon.colcon_core.environment:checking '/home/robot/ur5_simulation/install/moveit_servo/bin'
[80.581s] INFO:colcon.colcon_core.shell:Creating package script '/home/robot/ur5_simulation/install/moveit_servo/share/moveit_servo/package.ps1'
[80.582s] INFO:colcon.colcon_core.shell:Creating package descriptor '/home/robot/ur5_simulation/install/moveit_servo/share/moveit_servo/package.dsv'
[80.582s] INFO:colcon.colcon_core.shell:Creating package script '/home/robot/ur5_simulation/install/moveit_servo/share/moveit_servo/package.sh'
[80.582s] INFO:colcon.colcon_core.shell:Creating package script '/home/robot/ur5_simulation/install/moveit_servo/share/moveit_servo/package.bash'
[80.582s] INFO:colcon.colcon_core.shell:Creating package script '/home/robot/ur5_simulation/install/moveit_servo/share/moveit_servo/package.zsh'
[80.583s] Level 1:colcon.colcon_core.environment:create_file_with_runtime_dependencies(/home/robot/ur5_simulation/install/moveit_servo/share/colcon-core/packages/moveit_servo)
[80.583s] DEBUG:colcon.colcon_parallel_executor.executor.parallel:closing loop
[80.583s] DEBUG:colcon.colcon_parallel_executor.executor.parallel:loop closed
[80.583s] DEBUG:colcon.colcon_parallel_executor.executor.parallel:run_until_complete finished with '0'
[80.583s] DEBUG:colcon.colcon_core.event_reactor:joining thread
[80.587s] INFO:colcon.colcon_core.plugin_system:Skipping extension 'colcon_notification.desktop_notification.terminal_notifier': Not used on non-Darwin systems
[80.587s] INFO:colcon.colcon_core.plugin_system:Skipping extension 'colcon_notification.desktop_notification.win32': Not used on non-Windows systems
[80.587s] INFO:colcon.colcon_notification.desktop_notification:Sending desktop notification using 'notify2'
[80.596s] DEBUG:colcon.colcon_core.event_reactor:joined thread
[80.597s] INFO:colcon.colcon_core.shell:Creating prefix script '/home/robot/ur5_simulation/install/local_setup.ps1'
[80.597s] INFO:colcon.colcon_core.shell:Creating prefix util module '/home/robot/ur5_simulation/install/_local_setup_util_ps1.py'
[80.599s] INFO:colcon.colcon_core.shell:Creating prefix chain script '/home/robot/ur5_simulation/install/setup.ps1'
[80.600s] INFO:colcon.colcon_core.shell:Creating prefix script '/home/robot/ur5_simulation/install/local_setup.sh'
[80.600s] INFO:colcon.colcon_core.shell:Creating prefix util module '/home/robot/ur5_simulation/install/_local_setup_util_sh.py'
[80.601s] INFO:colcon.colcon_core.shell:Creating prefix chain script '/home/robot/ur5_simulation/install/setup.sh'
[80.601s] INFO:colcon.colcon_core.shell:Creating prefix script '/home/robot/ur5_simulation/install/local_setup.bash'
[80.601s] INFO:colcon.colcon_core.shell:Creating prefix chain script '/home/robot/ur5_simulation/install/setup.bash'
[80.602s] INFO:colcon.colcon_core.shell:Creating prefix script '/home/robot/ur5_simulation/install/local_setup.zsh'
[80.602s] INFO:colcon.colcon_core.shell:Creating prefix chain script '/home/robot/ur5_simulation/install/setup.zsh'
