[0.009s] Invoking command in '/home/robot/ur5_simulation/build/ur5_description': /usr/bin/cmake --build /home/robot/ur5_simulation/build/ur5_description -- -j18 -l18
[0.057s] Invoked command in '/home/robot/ur5_simulation/build/ur5_description' returned '0': /usr/bin/cmake --build /home/robot/ur5_simulation/build/ur5_description -- -j18 -l18
[0.059s] Invoking command in '/home/robot/ur5_simulation/build/ur5_description': /usr/bin/cmake --install /home/robot/ur5_simulation/build/ur5_description
[0.067s] -- Install configuration: ""
[0.067s] -- Up-to-date: /home/robot/ur5_simulation/install/ur5_description/share/ament_index/resource_index/package_run_dependencies/ur5_description
[0.067s] -- Up-to-date: /home/robot/ur5_simulation/install/ur5_description/share/ament_index/resource_index/parent_prefix_path/ur5_description
[0.067s] -- Up-to-date: /home/robot/ur5_simulation/install/ur5_description/share/ur5_description/environment/ament_prefix_path.sh
[0.067s] -- Up-to-date: /home/robot/ur5_simulation/install/ur5_description/share/ur5_description/environment/ament_prefix_path.dsv
[0.068s] -- Up-to-date: /home/robot/ur5_simulation/install/ur5_description/share/ur5_description/environment/path.sh
[0.068s] -- Up-to-date: /home/robot/ur5_simulation/install/ur5_description/share/ur5_description/environment/path.dsv
[0.068s] -- Up-to-date: /home/robot/ur5_simulation/install/ur5_description/share/ur5_description/local_setup.bash
[0.068s] -- Up-to-date: /home/robot/ur5_simulation/install/ur5_description/share/ur5_description/local_setup.sh
[0.068s] -- Up-to-date: /home/robot/ur5_simulation/install/ur5_description/share/ur5_description/local_setup.zsh
[0.068s] -- Up-to-date: /home/robot/ur5_simulation/install/ur5_description/share/ur5_description/local_setup.dsv
[0.068s] -- Up-to-date: /home/robot/ur5_simulation/install/ur5_description/share/ur5_description/package.dsv
[0.068s] -- Up-to-date: /home/robot/ur5_simulation/install/ur5_description/share/ament_index/resource_index/packages/ur5_description
[0.068s] -- Up-to-date: /home/robot/ur5_simulation/install/ur5_description/share/ur5_description/cmake/ur5_descriptionConfig.cmake
[0.068s] -- Up-to-date: /home/robot/ur5_simulation/install/ur5_description/share/ur5_description/cmake/ur5_descriptionConfig-version.cmake
[0.068s] -- Up-to-date: /home/robot/ur5_simulation/install/ur5_description/share/ur5_description/package.xml
[0.068s] -- Up-to-date: /home/robot/ur5_simulation/install/ur5_description/share/ur5_description/meshes
[0.068s] -- Up-to-date: /home/robot/ur5_simulation/install/ur5_description/share/ur5_description/meshes/collision
[0.068s] -- Up-to-date: /home/robot/ur5_simulation/install/ur5_description/share/ur5_description/meshes/collision/tool.stl
[0.068s] -- Up-to-date: /home/robot/ur5_simulation/install/ur5_description/share/ur5_description/meshes/collision/wrist2.stl
[0.069s] -- Up-to-date: /home/robot/ur5_simulation/install/ur5_description/share/ur5_description/meshes/collision/base.stl
[0.069s] -- Up-to-date: /home/robot/ur5_simulation/install/ur5_description/share/ur5_description/meshes/collision/ur5_stand.stl
[0.069s] -- Up-to-date: /home/robot/ur5_simulation/install/ur5_description/share/ur5_description/meshes/collision/shoulder.stl
[0.069s] -- Up-to-date: /home/robot/ur5_simulation/install/ur5_description/share/ur5_description/meshes/collision/upperarm.stl
[0.069s] -- Up-to-date: /home/robot/ur5_simulation/install/ur5_description/share/ur5_description/meshes/collision/tool_old.stl
[0.069s] -- Up-to-date: /home/robot/ur5_simulation/install/ur5_description/share/ur5_description/meshes/collision/wrist3.stl
[0.069s] -- Up-to-date: /home/robot/ur5_simulation/install/ur5_description/share/ur5_description/meshes/collision/forearm.stl
[0.069s] -- Up-to-date: /home/robot/ur5_simulation/install/ur5_description/share/ur5_description/meshes/collision/wrist1.stl
[0.069s] -- Up-to-date: /home/robot/ur5_simulation/install/ur5_description/share/ur5_description/meshes/visual
[0.069s] -- Up-to-date: /home/robot/ur5_simulation/install/ur5_description/share/ur5_description/meshes/visual/shoulder.dae
[0.069s] -- Up-to-date: /home/robot/ur5_simulation/install/ur5_description/share/ur5_description/meshes/visual/base.dae
[0.069s] -- Up-to-date: /home/robot/ur5_simulation/install/ur5_description/share/ur5_description/meshes/visual/tool.dae
[0.069s] -- Up-to-date: /home/robot/ur5_simulation/install/ur5_description/share/ur5_description/meshes/visual/tool_old.dae
[0.069s] -- Up-to-date: /home/robot/ur5_simulation/install/ur5_description/share/ur5_description/meshes/visual/forearm.dae
[0.070s] -- Up-to-date: /home/robot/ur5_simulation/install/ur5_description/share/ur5_description/meshes/visual/upperarm.dae
[0.070s] -- Up-to-date: /home/robot/ur5_simulation/install/ur5_description/share/ur5_description/meshes/visual/wrist1.dae
[0.070s] -- Up-to-date: /home/robot/ur5_simulation/install/ur5_description/share/ur5_description/meshes/visual/wrist3.dae
[0.070s] -- Up-to-date: /home/robot/ur5_simulation/install/ur5_description/share/ur5_description/meshes/visual/wrist2.dae
[0.070s] -- Up-to-date: /home/robot/ur5_simulation/install/ur5_description/share/ur5_description/meshes/visual/ur5_stand.dae
[0.070s] -- Up-to-date: /home/robot/ur5_simulation/install/ur5_description/share/ur5_description/urdf
[0.070s] -- Up-to-date: /home/robot/ur5_simulation/install/ur5_description/share/ur5_description/urdf/ur5
[0.070s] -- Up-to-date: /home/robot/ur5_simulation/install/ur5_description/share/ur5_description/urdf/ur5/ur5.usd
[0.070s] -- Up-to-date: /home/robot/ur5_simulation/install/ur5_description/share/ur5_description/urdf/ur5/configuration
[0.070s] -- Up-to-date: /home/robot/ur5_simulation/install/ur5_description/share/ur5_description/urdf/ur5/configuration/ur5_robot.usd
[0.070s] -- Up-to-date: /home/robot/ur5_simulation/install/ur5_description/share/ur5_description/urdf/ur5/configuration/ur5_physics.usd
[0.070s] -- Up-to-date: /home/robot/ur5_simulation/install/ur5_description/share/ur5_description/urdf/ur5/configuration/ur5_base.usd
[0.071s] -- Up-to-date: /home/robot/ur5_simulation/install/ur5_description/share/ur5_description/urdf/ur5/configuration/ur5_sensor.usd
[0.071s] -- Up-to-date: /home/robot/ur5_simulation/install/ur5_description/share/ur5_description/urdf/ur5.urdf
[0.084s] Invoked command in '/home/robot/ur5_simulation/build/ur5_description' returned '0': /usr/bin/cmake --install /home/robot/ur5_simulation/build/ur5_description
